This is pdfTeX, Version 3.141592653-2.6-1.40.27 (MiKTeX 25.4) (preloaded format=pdflatex 2025.9.5)  27 OCT 2025 22:39
entering extended mode
 restricted \write18 enabled.
 file:line:error style messages enabled.
 %&-line parsing enabled.
**d:/Escola/6Sem/Fetrans/p2/IntroducaoMecanicaDosFluidos/IntroducaoAMecanicaDosFluidos.tex
(d:/Escola/6Sem/Fetrans/p2/IntroducaoMecanicaDosFluidos/IntroducaoAMecanicaDosFluidos.tex
LaTeX2e <2025-06-01> patch level 1
L3 programming layer <2025-08-13>
(C:\Users\USER\AppData\Local\Programs\MiKTeX\tex/latex/base\article.cls
Document Class: article 2025/01/22 v1.4n Standard LaTeX document class
(C:\Users\USER\AppData\Local\Programs\MiKTeX\tex/latex/base\size10.clo
File: size10.clo 2025/01/22 v1.4n Standard LaTeX file (size option)
)
\c@part=\count275
\c@section=\count276
\c@subsection=\count277
\c@subsubsection=\count278
\c@paragraph=\count279
\c@subparagraph=\count280
\c@figure=\count281
\c@table=\count282
\abovecaptionskip=\skip49
\belowcaptionskip=\skip50
\bibindent=\dimen148
) (C:\Users\USER\AppData\Local\Programs\MiKTeX\tex/latex/amsmath\amsmath.sty
Package: amsmath 2025/06/16 v2.17y AMS math features
\@mathmargin=\skip51

For additional information on amsmath, use the `?' option.
(C:\Users\USER\AppData\Local\Programs\MiKTeX\tex/latex/amsmath\amstext.sty
Package: amstext 2024/11/17 v2.01 AMS text
 (C:\Users\USER\AppData\Local\Programs\MiKTeX\tex/latex/amsmath\amsgen.sty
File: amsgen.sty 1999/11/30 v2.0 generic functions
\@emptytoks=\toks17
\ex@=\dimen149
)) (C:\Users\USER\AppData\Local\Programs\MiKTeX\tex/latex/amsmath\amsbsy.sty
Package: amsbsy 1999/11/29 v1.2d Bold Symbols
\pmbraise@=\dimen150
) (C:\Users\USER\AppData\Local\Programs\MiKTeX\tex/latex/amsmath\amsopn.sty
Package: amsopn 2022/04/08 v2.04 operator names
)
\inf@bad=\count283
LaTeX Info: Redefining \frac on input line 233.
\uproot@=\count284
\leftroot@=\count285
LaTeX Info: Redefining \overline on input line 398.
LaTeX Info: Redefining \colon on input line 409.
\classnum@=\count286
\DOTSCASE@=\count287
LaTeX Info: Redefining \ldots on input line 495.
LaTeX Info: Redefining \dots on input line 498.
LaTeX Info: Redefining \cdots on input line 619.
\Mathstrutbox@=\box53
\strutbox@=\box54
LaTeX Info: Redefining \big on input line 721.
LaTeX Info: Redefining \Big on input line 722.
LaTeX Info: Redefining \bigg on input line 723.
LaTeX Info: Redefining \Bigg on input line 724.
\big@size=\dimen151
LaTeX Font Info:    Redeclaring font encoding OML on input line 742.
LaTeX Font Info:    Redeclaring font encoding OMS on input line 743.
\macc@depth=\count288
LaTeX Info: Redefining \bmod on input line 904.
LaTeX Info: Redefining \pmod on input line 909.
LaTeX Info: Redefining \smash on input line 939.
LaTeX Info: Redefining \relbar on input line 969.
LaTeX Info: Redefining \Relbar on input line 970.
\c@MaxMatrixCols=\count289
\dotsspace@=\muskip17
\c@parentequation=\count290
\dspbrk@lvl=\count291
\tag@help=\toks18
\row@=\count292
\column@=\count293
\maxfields@=\count294
\andhelp@=\toks19
\eqnshift@=\dimen152
\alignsep@=\dimen153
\tagshift@=\dimen154
\tagwidth@=\dimen155
\totwidth@=\dimen156
\lineht@=\dimen157
\@envbody=\toks20
\multlinegap=\skip52
\multlinetaggap=\skip53
\mathdisplay@stack=\toks21
LaTeX Info: Redefining \[ on input line 2949.
LaTeX Info: Redefining \] on input line 2950.
) (C:\Users\USER\AppData\Local\Programs\MiKTeX\tex/latex/preprint\fullpage.sty
Package: fullpage 1999/02/23 1.1 (PWD)
\FP@margin=\skip54
) (C:\Users\USER\AppData\Local\Programs\MiKTeX\tex/generic/babel\babel.sty
Package: babel 2025/08/03 v25.12 The multilingual framework for LuaLaTeX, pdfLaTeX and XeLaTeX
\babel@savecnt=\count295
LaTeX Encoding Info:    Redeclaring text command \ij (encoding OT1) on input line 2045.
LaTeX Encoding Info:    Redeclaring text command \IJ (encoding OT1) on input line 2047.
LaTeX Encoding Info:    Redeclaring text command \ij (encoding T1) on input line 2049.
LaTeX Encoding Info:    Redeclaring text command \IJ (encoding T1) on input line 2050.
LaTeX Encoding Info:    Ignoring declaration for text command \ij (encoding ?) on input line 2051.
LaTeX Encoding Info:    Ignoring declaration for text command \IJ (encoding ?) on input line 2053.
LaTeX Encoding Info:    Ignoring declaration for text command \SS (encoding ?) on input line 2078.
\U@D=\dimen158
\l@unhyphenated=\language79
 (C:\Users\USER\AppData\Local\Programs\MiKTeX\tex/generic/babel\txtbabel.def)
\bbl@readstream=\read2
\bbl@dirlevel=\count296

*************************************
* Local config file bblopts.cfg used
*
(C:\Users\USER\AppData\Local\Programs\MiKTeX\tex/latex/arabi\bblopts.cfg
File: bblopts.cfg 2005/09/08 v0.1 add Arabic and Farsi to "declared" options of babel
) (C:\Users\USER\AppData\Local\Programs\MiKTeX\tex/latex/babel-portuges\portuguese.ldf
Language: portuges 2021/07/09 v1.2t Portuguese support from the babel system
 (C:\Users\USER\AppData\Local\Programs\MiKTeX\tex/generic/babel/locale/pt\babel-portuguese.tex
Package babel Info: Importing font and identification data for portuguese
(babel)             from babel-pt.ini. Reported on input line 12.
)
Package babel Info: Making " an active character on input line 143.
)) (C:\Users\USER\AppData\Local\Programs\MiKTeX\tex/latex/graphics\graphicx.sty
Package: graphicx 2024/12/31 v1.2e Enhanced LaTeX Graphics (DPC,SPQR)
 (C:\Users\USER\AppData\Local\Programs\MiKTeX\tex/latex/graphics\keyval.sty
Package: keyval 2022/05/29 v1.15 key=value parser (DPC)
\KV@toks@=\toks22
) (C:\Users\USER\AppData\Local\Programs\MiKTeX\tex/latex/graphics\graphics.sty
Package: graphics 2024/08/06 v1.4g Standard LaTeX Graphics (DPC,SPQR)
 (C:\Users\USER\AppData\Local\Programs\MiKTeX\tex/latex/graphics\trig.sty
Package: trig 2023/12/02 v1.11 sin cos tan (DPC)
) (C:\Users\USER\AppData\Local\Programs\MiKTeX\tex/latex/graphics-cfg\graphics.cfg
File: graphics.cfg 2016/06/04 v1.11 sample graphics configuration
)
Package graphics Info: Driver file: pdftex.def on input line 106.
 (C:\Users\USER\AppData\Local\Programs\MiKTeX\tex/latex/graphics-def\pdftex.def
File: pdftex.def 2024/04/13 v1.2c Graphics/color driver for pdftex
))
\Gin@req@height=\dimen159
\Gin@req@width=\dimen160
) (C:\Users\USER\AppData\Local\Programs\MiKTeX\tex/latex/graphics\color.sty
Package: color 2025/01/14 v1.3e Standard LaTeX Color (DPC)
 (C:\Users\USER\AppData\Local\Programs\MiKTeX\tex/latex/graphics-cfg\color.cfg
File: color.cfg 2016/01/02 v1.6 sample color configuration
)
Package color Info: Driver file: pdftex.def on input line 149.
 (C:\Users\USER\AppData\Local\Programs\MiKTeX\tex/latex/graphics\mathcolor.ltx)) (C:\Users\USER\AppData\Local\Programs\MiKTeX\tex/latex/ulem\ulem.sty
\UL@box=\box55
\UL@hyphenbox=\box56
\UL@skip=\skip55
\UL@hook=\toks23
\UL@height=\dimen161
\UL@pe=\count297
\UL@pixel=\dimen162
\ULC@box=\box57
Package: ulem 2019/11/18
\ULdepth=\dimen163
) (C:\Users\USER\AppData\Local\Programs\MiKTeX\tex/latex/l3backend\l3backend-pdftex.def
File: l3backend-pdftex.def 2025-06-09 L3 backend support: PDF output (pdfTeX)
\l__color_backend_stack_int=\count298
) (IntroducaoAMecanicaDosFluidos.aux
Package babel Info: 'portuguese' activates 'portuges' shorthands.
(babel)             Reported on input line 5.
)
\openout1 = `IntroducaoAMecanicaDosFluidos.aux'.

LaTeX Font Info:    Checking defaults for OML/cmm/m/it on input line 9.
LaTeX Font Info:    ... okay on input line 9.
LaTeX Font Info:    Checking defaults for OMS/cmsy/m/n on input line 9.
LaTeX Font Info:    ... okay on input line 9.
LaTeX Font Info:    Checking defaults for OT1/cmr/m/n on input line 9.
LaTeX Font Info:    ... okay on input line 9.
LaTeX Font Info:    Checking defaults for T1/cmr/m/n on input line 9.
LaTeX Font Info:    ... okay on input line 9.
LaTeX Font Info:    Checking defaults for TS1/cmr/m/n on input line 9.
LaTeX Font Info:    ... okay on input line 9.
LaTeX Font Info:    Checking defaults for OMX/cmex/m/n on input line 9.
LaTeX Font Info:    ... okay on input line 9.
LaTeX Font Info:    Checking defaults for U/cmr/m/n on input line 9.
LaTeX Font Info:    ... okay on input line 9.
 (C:\Users\USER\AppData\Local\Programs\MiKTeX\tex/context/base/mkii\supp-pdf.mkii
[Loading MPS to PDF converter (version 2006.09.02).]
\scratchcounter=\count299
\scratchdimen=\dimen164
\scratchbox=\box58
\nofMPsegments=\count300
\nofMParguments=\count301
\everyMPshowfont=\toks24
\MPscratchCnt=\count302
\MPscratchDim=\dimen165
\MPnumerator=\count303
\makeMPintoPDFobject=\count304
\everyMPtoPDFconversion=\toks25
) (C:\Users\USER\AppData\Local\Programs\MiKTeX\tex/latex/epstopdf-pkg\epstopdf-base.sty
Package: epstopdf-base 2020-01-24 v2.11 Base part for package epstopdf
 (C:\Users\USER\AppData\Local\Programs\MiKTeX\tex/generic/infwarerr\infwarerr.sty
Package: infwarerr 2019/12/03 v1.5 Providing info/warning/error messages (HO)
) (C:\Users\USER\AppData\Local\Programs\MiKTeX\tex/latex/grfext\grfext.sty
Package: grfext 2019/12/03 v1.3 Manage graphics extensions (HO)
 (C:\Users\USER\AppData\Local\Programs\MiKTeX\tex/generic/kvdefinekeys\kvdefinekeys.sty
Package: kvdefinekeys 2019-12-19 v1.6 Define keys (HO)
)) (C:\Users\USER\AppData\Local\Programs\MiKTeX\tex/latex/kvoptions\kvoptions.sty
Package: kvoptions 2022-06-15 v3.15 Key value format for package options (HO)
 (C:\Users\USER\AppData\Local\Programs\MiKTeX\tex/generic/ltxcmds\ltxcmds.sty
Package: ltxcmds 2023-12-04 v1.26 LaTeX kernel commands for general use (HO)
) (C:\Users\USER\AppData\Local\Programs\MiKTeX\tex/latex/kvsetkeys\kvsetkeys.sty
Package: kvsetkeys 2022-10-05 v1.19 Key value parser (HO)
)) (C:\Users\USER\AppData\Local\Programs\MiKTeX\tex/generic/pdftexcmds\pdftexcmds.sty
Package: pdftexcmds 2020-06-27 v0.33 Utility functions of pdfTeX for LuaTeX (HO)
 (C:\Users\USER\AppData\Local\Programs\MiKTeX\tex/generic/iftex\iftex.sty
Package: iftex 2024/12/12 v1.0g TeX engine tests
)
Package pdftexcmds Info: \pdf@primitive is available.
Package pdftexcmds Info: \pdf@ifprimitive is available.
Package pdftexcmds Info: \pdfdraftmode found.
)
Package epstopdf-base Info: Redefining graphics rule for `.eps' on input line 485.
Package grfext Info: Graphics extension search list:
(grfext)             [.pdf,.png,.jpg,.mps,.jpeg,.jbig2,.jb2,.PDF,.PNG,.JPG,.JPEG,.JBIG2,.JB2,.eps]
(grfext)             \AppendGraphicsExtensions on input line 504.
 (C:\Users\USER\AppData\Local\Programs\MiKTeX\tex/latex/00miktex\epstopdf-sys.cfg
File: epstopdf-sys.cfg 2021/03/18 v2.0 Configuration of epstopdf for MiKTeX
)) (image/inomeado.eps_tex
Package epstopdf Info: Source file: <image/inomeado.eps>
(epstopdf)                    date: 2025-10-22 16:06:19
(epstopdf)                    size: 67001 bytes
(epstopdf)             Output file: <image/inomeado-eps-converted-to.pdf>
(epstopdf)                    date: 2025-10-22 16:06:21
(epstopdf)                    size: 22865 bytes
(epstopdf)             Command: <miktex-epstopdf --outfile=image/inomeado-eps-converted-to.pdf image/inomeado.eps>
(epstopdf)             \includegraphics on input line 56.
Package epstopdf Info: Output file is already uptodate.
<image/inomeado-eps-converted-to.pdf, id=1, 499.8675pt x 465.74pt>
File: image/inomeado-eps-converted-to.pdf Graphic file (type pdf)
<use image/inomeado-eps-converted-to.pdf>
Package pdftex.def Info: image/inomeado-eps-converted-to.pdf  used on input line 56.
(pdftex.def)             Requested size: 187.89914pt x 175.07135pt.
)

[1

{C:/Users/USER/AppData/Local/MiKTeX/fonts/map/pdftex/pdftex.map} <./image/inomeado-eps-converted-to.pdf>]

[2] (image/gCord.eps_tex
Package epstopdf Info: Source file: <image/gCord.eps>
(epstopdf)                    date: 2025-10-27 14:03:06
(epstopdf)                    size: 20363 bytes
(epstopdf)             Output file: <image/gCord-eps-converted-to.pdf>
(epstopdf)                    date: 2025-10-27 14:04:08
(epstopdf)                    size: 8821 bytes
(epstopdf)             Command: <miktex-epstopdf --outfile=image/gCord-eps-converted-to.pdf image/gCord.eps>
(epstopdf)             \includegraphics on input line 56.
Package epstopdf Info: Output file is already uptodate.
<image/gCord-eps-converted-to.pdf, id=23, 528.97626pt x 465.74pt>
File: image/gCord-eps-converted-to.pdf Graphic file (type pdf)
<use image/gCord-eps-converted-to.pdf>
Package pdftex.def Info: image/gCord-eps-converted-to.pdf  used on input line 56.
(pdftex.def)             Requested size: 117.43875pt x 103.39407pt.
)

[3 <./image/gCord-eps-converted-to.pdf>] (image/exercicio11_1.eps_tex
Package epstopdf Info: Source file: <image/exercicio11_1.eps>
(epstopdf)                    date: 2025-10-27 14:19:34
(epstopdf)                    size: 23468 bytes
(epstopdf)             Output file: <image/exercicio11_1-eps-converted-to.pdf>
(epstopdf)                    date: 2025-10-27 14:19:38
(epstopdf)                    size: 9463 bytes
(epstopdf)             Command: <miktex-epstopdf --outfile=image/exercicio11_1-eps-converted-to.pdf image/exercicio11_1.eps>
(epstopdf)             \includegraphics on input line 56.
Package epstopdf Info: Output file is already uptodate.
<image/exercicio11_1-eps-converted-to.pdf, id=31, 618.31pt x 366.36874pt>
File: image/exercicio11_1-eps-converted-to.pdf Graphic file (type pdf)
<use image/exercicio11_1-eps-converted-to.pdf>
Package pdftex.def Info: image/exercicio11_1-eps-converted-to.pdf  used on input line 56.
(pdftex.def)             Requested size: 234.8775pt x 139.17125pt.
)

[4 <./image/exercicio11_1-eps-converted-to.pdf>]
<image/tuboPiezometrico.jpg, id=37, 137.7647pt x 229.60782pt>
File: image/tuboPiezometrico.jpg Graphic file (type jpg)
<use image/tuboPiezometrico.jpg>
Package pdftex.def Info: image/tuboPiezometrico.jpg  used on input line 215.
(pdftex.def)             Requested size: 93.94957pt x 156.5867pt.


LaTeX Warning: `!h' float specifier changed to `!ht'.



[5]
<image/manometroemtubosimples.jpg, id=41, 224.33812pt x 205.5178pt>
File: image/manometroemtubosimples.jpg Graphic file (type jpg)
<use image/manometroemtubosimples.jpg>
Package pdftex.def Info: image/manometroemtubosimples.jpg  used on input line 245.
(pdftex.def)             Requested size: 140.92793pt x 129.10999pt.


[6 <./image/tuboPiezometrico.jpg> <./image/manometroemtubosimples.jpg>]
<image/manometroemtubodiferencial.jpg, id=45, 273.27094pt x 207.02344pt>
File: image/manometroemtubodiferencial.jpg Graphic file (type jpg)
<use image/manometroemtubodiferencial.jpg>
Package pdftex.def Info: image/manometroemtubodiferencial.jpg  used on input line 272.
(pdftex.def)             Requested size: 140.92793pt x 106.76514pt.


[7 <./image/manometroemtubodiferencial.jpg>] (image/exercicio11_8.eps_tex
Package epstopdf Info: Source file: <image/exercicio11_8.eps>
(epstopdf)                    date: 2025-10-27 19:13:54
(epstopdf)                    size: 146615 bytes
(epstopdf)             Output file: <image/exercicio11_8-eps-converted-to.pdf>
(epstopdf)                    date: 2025-10-27 19:13:58
(epstopdf)                    size: 109994 bytes
(epstopdf)             Command: <miktex-epstopdf --outfile=image/exercicio11_8-eps-converted-to.pdf image/exercicio11_8.eps>
(epstopdf)             \includegraphics on input line 56.
Package epstopdf Info: Output file is already uptodate.
<image/exercicio11_8-eps-converted-to.pdf, id=56, 495.8525pt x 207.77625pt>
File: image/exercicio11_8-eps-converted-to.pdf Graphic file (type pdf)
<use image/exercicio11_8-eps-converted-to.pdf>
Package pdftex.def Info: image/exercicio11_8-eps-converted-to.pdf  used on input line 56.
(pdftex.def)             Requested size: 375.80544pt x 157.47406pt.
)

[8 <./image/exercicio11_8-eps-converted-to.pdf>]

[9] (image/exercicioSala.eps_tex
Package epstopdf Info: Source file: <image/exercicioSala.eps>
(epstopdf)                    date: 2025-10-27 22:20:13
(epstopdf)                    size: 19857 bytes
(epstopdf)             Output file: <image/exercicioSala-eps-converted-to.pdf>
(epstopdf)                    date: 2025-10-27 22:20:17
(epstopdf)                    size: 8321 bytes
(epstopdf)             Command: <miktex-epstopdf --outfile=image/exercicioSala-eps-converted-to.pdf image/exercicioSala.eps>
(epstopdf)             \includegraphics on input line 56.
Package epstopdf Info: Output file is already uptodate.
<image/exercicioSala-eps-converted-to.pdf, id=67, 581.17125pt x 299.1175pt>
File: image/exercicioSala-eps-converted-to.pdf Graphic file (type pdf)
<use image/exercicioSala-eps-converted-to.pdf>
Package pdftex.def Info: image/exercicioSala-eps-converted-to.pdf  used on input line 56.
(pdftex.def)             Requested size: 187.89914pt x 96.70998pt.
)

[10 <./image/exercicioSala-eps-converted-to.pdf>]

[11] (IntroducaoAMecanicaDosFluidos.aux)
 ***********
LaTeX2e <2025-06-01> patch level 1
L3 programming layer <2025-08-13>
 ***********
 ) 
Here is how much of TeX's memory you used:
 4064 strings out of 468132
 71032 string characters out of 5431176
 488773 words of memory out of 5000000
 32600 multiletter control sequences out of 15000+600000
 636451 words of font info for 73 fonts, out of 8000000 for 9000
 1141 hyphenation exceptions out of 8191
 59i,18n,67p,1864b,386s stack positions out of 10000i,1000n,20000p,200000b,200000s
 <C:\Users\USER\AppData\Local\MiKTeX\fonts/pk/ljfour/jknappen/ec/dpi600\tcrm1000.pk><C:/Users/USER/AppData/Local/Programs/MiKTeX/fonts/type1/public/amsfonts/cm/cmbx10.pfb><C:/Users/USER/AppData/Local/Programs/MiKTeX/fonts/type1/public/amsfonts/cm/cmbx12.pfb><C:/Users/USER/AppData/Local/Programs/MiKTeX/fonts/type1/public/amsfonts/cm/cmbx8.pfb><C:/Users/USER/AppData/Local/Programs/MiKTeX/fonts/type1/public/amsfonts/cm/cmex10.pfb><C:/Users/USER/AppData/Local/Programs/MiKTeX/fonts/type1/public/amsfonts/cm/cmmi10.pfb><C:/Users/USER/AppData/Local/Programs/MiKTeX/fonts/type1/public/amsfonts/cm/cmmi6.pfb><C:/Users/USER/AppData/Local/Programs/MiKTeX/fonts/type1/public/amsfonts/cm/cmmi7.pfb><C:/Users/USER/AppData/Local/Programs/MiKTeX/fonts/type1/public/amsfonts/cm/cmmi8.pfb><C:/Users/USER/AppData/Local/Programs/MiKTeX/fonts/type1/public/amsfonts/cm/cmr10.pfb><C:/Users/USER/AppData/Local/Programs/MiKTeX/fonts/type1/public/amsfonts/cm/cmr12.pfb><C:/Users/USER/AppData/Local/Programs/MiKTeX/fonts/type1/public/amsfonts/cm/cmr17.pfb><C:/Users/USER/AppData/Local/Programs/MiKTeX/fonts/type1/public/amsfonts/cm/cmr5.pfb><C:/Users/USER/AppData/Local/Programs/MiKTeX/fonts/type1/public/amsfonts/cm/cmr6.pfb><C:/Users/USER/AppData/Local/Programs/MiKTeX/fonts/type1/public/amsfonts/cm/cmr7.pfb><C:/Users/USER/AppData/Local/Programs/MiKTeX/fonts/type1/public/amsfonts/cm/cmr8.pfb><C:/Users/USER/AppData/Local/Programs/MiKTeX/fonts/type1/public/amsfonts/cm/cmsy10.pfb><C:/Users/USER/AppData/Local/Programs/MiKTeX/fonts/type1/public/amsfonts/cm/cmsy7.pfb><C:/Users/USER/AppData/Local/Programs/MiKTeX/fonts/type1/public/amsfonts/cm/cmsy8.pfb><C:/Users/USER/AppData/Local/Programs/MiKTeX/fonts/type1/public/amsfonts/cm/cmti10.pfb>
Output written on IntroducaoAMecanicaDosFluidos.pdf (11 pages, 431715 bytes).
PDF statistics:
 158 PDF objects out of 1000 (max. 8388607)
 0 named destinations out of 1000 (max. 500000)
 41 words of extra memory for PDF output out of 10000 (max. 10000000)

