This is pdfTeX, Version 3.141592653-2.6-1.40.25 (TeX Live 2023/Debian) (preloaded format=pdflatex 2026.3.23)  24 MAR 2026 23:06
entering extended mode
 restricted \write18 enabled.
 file:line:error style messages enabled.
 %&-line parsing enabled.
**templateBase.tex
(./templateBase.tex
LaTeX2e <2023-11-01> patch level 1
L3 programming layer <2024-01-22>
(/usr/share/texlive/texmf-dist/tex/latex/base/article.cls
Document Class: article 2023/05/17 v1.4n Standard LaTeX document class
(/usr/share/texlive/texmf-dist/tex/latex/base/size10.clo
File: size10.clo 2023/05/17 v1.4n Standard LaTeX file (size option)
)
\c@part=\count187
\c@section=\count188
\c@subsection=\count189
\c@subsubsection=\count190
\c@paragraph=\count191
\c@subparagraph=\count192
\c@figure=\count193
\c@table=\count194
\abovecaptionskip=\skip48
\belowcaptionskip=\skip49
\bibindent=\dimen140
) (/usr/share/texlive/texmf-dist/tex/latex/amsmath/amsmath.sty
Package: amsmath 2023/05/13 v2.17o AMS math features
\@mathmargin=\skip50

For additional information on amsmath, use the `?' option.
(/usr/share/texlive/texmf-dist/tex/latex/amsmath/amstext.sty
Package: amstext 2021/08/26 v2.01 AMS text
 (/usr/share/texlive/texmf-dist/tex/latex/amsmath/amsgen.sty
File: amsgen.sty 1999/11/30 v2.0 generic functions
\@emptytoks=\toks17
\ex@=\dimen141
)) (/usr/share/texlive/texmf-dist/tex/latex/amsmath/amsbsy.sty
Package: amsbsy 1999/11/29 v1.2d Bold Symbols
\pmbraise@=\dimen142
) (/usr/share/texlive/texmf-dist/tex/latex/amsmath/amsopn.sty
Package: amsopn 2022/04/08 v2.04 operator names
)
\inf@bad=\count195
LaTeX Info: Redefining \frac on input line 234.
\uproot@=\count196
\leftroot@=\count197
LaTeX Info: Redefining \overline on input line 399.
LaTeX Info: Redefining \colon on input line 410.
\classnum@=\count198
\DOTSCASE@=\count199
LaTeX Info: Redefining \ldots on input line 496.
LaTeX Info: Redefining \dots on input line 499.
LaTeX Info: Redefining \cdots on input line 620.
\Mathstrutbox@=\box51
\strutbox@=\box52
LaTeX Info: Redefining \big on input line 722.
LaTeX Info: Redefining \Big on input line 723.
LaTeX Info: Redefining \bigg on input line 724.
LaTeX Info: Redefining \Bigg on input line 725.
\big@size=\dimen143
LaTeX Font Info:    Redeclaring font encoding OML on input line 743.
LaTeX Font Info:    Redeclaring font encoding OMS on input line 744.
\macc@depth=\count266
LaTeX Info: Redefining \bmod on input line 905.
LaTeX Info: Redefining \pmod on input line 910.
LaTeX Info: Redefining \smash on input line 940.
LaTeX Info: Redefining \relbar on input line 970.
LaTeX Info: Redefining \Relbar on input line 971.
\c@MaxMatrixCols=\count267
\dotsspace@=\muskip16
\c@parentequation=\count268
\dspbrk@lvl=\count269
\tag@help=\toks18
\row@=\count270
\column@=\count271
\maxfields@=\count272
\andhelp@=\toks19
\eqnshift@=\dimen144
\alignsep@=\dimen145
\tagshift@=\dimen146
\tagwidth@=\dimen147
\totwidth@=\dimen148
\lineht@=\dimen149
\@envbody=\toks20
\multlinegap=\skip51
\multlinetaggap=\skip52
\mathdisplay@stack=\toks21
LaTeX Info: Redefining \[ on input line 2953.
LaTeX Info: Redefining \] on input line 2954.
) (/usr/share/texlive/texmf-dist/tex/latex/preprint/fullpage.sty
Package: fullpage 1999/02/23 1.1 (PWD)
\FP@margin=\skip53
) (/usr/share/texlive/texmf-dist/tex/generic/babel/babel.sty
Package: babel 2024/01/07 v24.1 The Babel package
\babel@savecnt=\count273
\U@D=\dimen150
\l@unhyphenated=\language89
 (/usr/share/texlive/texmf-dist/tex/generic/babel/txtbabel.def)
\bbl@readstream=\read2
\bbl@dirlevel=\count274
 (/usr/share/texlive/texmf-dist/tex/generic/babel-portuges/portuguese.ldf
Language: portuges 2021/07/09 v1.2t Portuguese support from the babel system
Package babel Info: Making " an active character on input line 143.
)) (/usr/share/texlive/texmf-dist/tex/generic/babel/locale/pt/babel-portuguese.tex
Package babel Info: Importing font and identification data for portuguese
(babel)             from babel-pt.ini. Reported on input line 11.
) (/usr/share/texlive/texmf-dist/tex/latex/graphics/graphicx.sty
Package: graphicx 2021/09/16 v1.2d Enhanced LaTeX Graphics (DPC,SPQR)
 (/usr/share/texlive/texmf-dist/tex/latex/graphics/keyval.sty
Package: keyval 2022/05/29 v1.15 key=value parser (DPC)
\KV@toks@=\toks22
) (/usr/share/texlive/texmf-dist/tex/latex/graphics/graphics.sty
Package: graphics 2022/03/10 v1.4e Standard LaTeX Graphics (DPC,SPQR)
 (/usr/share/texlive/texmf-dist/tex/latex/graphics/trig.sty
Package: trig 2021/08/11 v1.11 sin cos tan (DPC)
) (/usr/share/texlive/texmf-dist/tex/latex/graphics-cfg/graphics.cfg
File: graphics.cfg 2016/06/04 v1.11 sample graphics configuration
)
Package graphics Info: Driver file: pdftex.def on input line 107.
 (/usr/share/texlive/texmf-dist/tex/latex/graphics-def/pdftex.def
File: pdftex.def 2022/09/22 v1.2b Graphics/color driver for pdftex
))
\Gin@req@height=\dimen151
\Gin@req@width=\dimen152
) (/usr/share/texlive/texmf-dist/tex/latex/graphics/color.sty
Package: color 2022/01/06 v1.3d Standard LaTeX Color (DPC)
 (/usr/share/texlive/texmf-dist/tex/latex/graphics-cfg/color.cfg
File: color.cfg 2016/01/02 v1.6 sample color configuration
)
Package color Info: Driver file: pdftex.def on input line 149.
 (/usr/share/texlive/texmf-dist/tex/latex/graphics/mathcolor.ltx)) (/usr/share/texlive/texmf-dist/tex/generic/ulem/ulem.sty
\UL@box=\box53
\UL@hyphenbox=\box54
\UL@skip=\skip54
\UL@hook=\toks23
\UL@height=\dimen153
\UL@pe=\count275
\UL@pixel=\dimen154
\ULC@box=\box55
Package: ulem 2019/11/18
\ULdepth=\dimen155
) (/usr/share/texlive/texmf-dist/tex/latex/listings/listings.sty
\lst@mode=\count276
\lst@gtempboxa=\box56
\lst@token=\toks24
\lst@length=\count277
\lst@currlwidth=\dimen156
\lst@column=\count278
\lst@pos=\count279
\lst@lostspace=\dimen157
\lst@width=\dimen158
\lst@newlines=\count280
\lst@lineno=\count281
\lst@maxwidth=\dimen159
 (/usr/share/texlive/texmf-dist/tex/latex/listings/lstmisc.sty
File: lstmisc.sty 2023/02/27 1.9 (Carsten Heinz)
\c@lstnumber=\count282
\lst@skipnumbers=\count283
\lst@framebox=\box57
) (/usr/share/texlive/texmf-dist/tex/latex/listings/listings.cfg
File: listings.cfg 2023/02/27 1.9 listings configuration
))
Package: listings 2023/02/27 1.9 (Carsten Heinz)
 (/usr/share/texlive/texmf-dist/tex/latex/l3backend/l3backend-pdftex.def
File: l3backend-pdftex.def 2024-01-04 L3 backend support: PDF output (pdfTeX)
\l__color_backend_stack_int=\count284
\l__pdf_internal_box=\box58
) (./templateBase.aux

LaTeX Warning: Label `fig:label' multiply defined.


LaTeX Warning: Label `fig:label' multiply defined.


LaTeX Warning: Label `fig:label' multiply defined.


LaTeX Warning: Label `fig:label' multiply defined.


LaTeX Warning: Label `fig:label' multiply defined.


LaTeX Warning: Label `fig:label' multiply defined.


LaTeX Warning: Label `eq:pulsoLarguraTContinuo' multiply defined.


LaTeX Warning: Label `fig:label' multiply defined.


LaTeX Warning: Label `eq:pulsoLarguraTContinuo' multiply defined.


LaTeX Warning: Label `eq:pulsoLarguraTContinuo' multiply defined.


LaTeX Warning: Label `fig:label' multiply defined.


LaTeX Warning: Label `fig:label' multiply defined.


LaTeX Warning: Label `eq:' multiply defined.


LaTeX Warning: Label `eq:' multiply defined.


LaTeX Warning: Label `eq:' multiply defined.


LaTeX Warning: Label `eq:' multiply defined.


LaTeX Warning: Label `eq:' multiply defined.


LaTeX Warning: Label `fig:label' multiply defined.


LaTeX Warning: Label `eq:' multiply defined.


LaTeX Warning: Label `eq:' multiply defined.


LaTeX Warning: Label `fig:label' multiply defined.


LaTeX Warning: Label `eq:' multiply defined.


LaTeX Warning: Label `eq:' multiply defined.


LaTeX Warning: Label `fig:label' multiply defined.


LaTeX Warning: Label `eq:' multiply defined.


LaTeX Warning: Label `eq:' multiply defined.


LaTeX Warning: Label `eq:' multiply defined.


LaTeX Warning: Label `eq:' multiply defined.


LaTeX Warning: Label `eq:' multiply defined.


LaTeX Warning: Label `eq:' multiply defined.

)
\openout1 = `templateBase.aux'.

LaTeX Font Info:    Checking defaults for OML/cmm/m/it on input line 13.
LaTeX Font Info:    ... okay on input line 13.
LaTeX Font Info:    Checking defaults for OMS/cmsy/m/n on input line 13.
LaTeX Font Info:    ... okay on input line 13.
LaTeX Font Info:    Checking defaults for OT1/cmr/m/n on input line 13.
LaTeX Font Info:    ... okay on input line 13.
LaTeX Font Info:    Checking defaults for T1/cmr/m/n on input line 13.
LaTeX Font Info:    ... okay on input line 13.
LaTeX Font Info:    Checking defaults for TS1/cmr/m/n on input line 13.
LaTeX Font Info:    ... okay on input line 13.
LaTeX Font Info:    Checking defaults for OMX/cmex/m/n on input line 13.
LaTeX Font Info:    ... okay on input line 13.
LaTeX Font Info:    Checking defaults for U/cmr/m/n on input line 13.
LaTeX Font Info:    ... okay on input line 13.
 (/usr/share/texlive/texmf-dist/tex/context/base/mkii/supp-pdf.mkii
[Loading MPS to PDF converter (version 2006.09.02).]
\scratchcounter=\count285
\scratchdimen=\dimen160
\scratchbox=\box59
\nofMPsegments=\count286
\nofMParguments=\count287
\everyMPshowfont=\toks25
\MPscratchCnt=\count288
\MPscratchDim=\dimen161
\MPnumerator=\count289
\makeMPintoPDFobject=\count290
\everyMPtoPDFconversion=\toks26
) (/usr/share/texlive/texmf-dist/tex/latex/epstopdf-pkg/epstopdf-base.sty
Package: epstopdf-base 2020-01-24 v2.11 Base part for package epstopdf
Package epstopdf-base Info: Redefining graphics rule for `.eps' on input line 485.
 (/usr/share/texlive/texmf-dist/tex/latex/latexconfig/epstopdf-sys.cfg
File: epstopdf-sys.cfg 2010/07/13 v1.3 Configuration of (r)epstopdf for TeX Live
))
\c@lstlisting=\count291
\c@boxlblcounter=\count292
LaTeX Font Info:    Trying to load font information for OML+cmr on input line 69.
 (/usr/share/texlive/texmf-dist/tex/latex/base/omlcmr.fd
File: omlcmr.fd 2023/04/13 v2.5m Standard LaTeX font definitions
)
LaTeX Font Info:    Font shape `OML/cmr/m/n' in size <10> not available
(Font)              Font shape `OML/cmm/m/it' tried instead on input line 69.

Overfull \hbox (12.0pt too wide) in paragraph at lines 67--75
 [] 
 []

<figures/aula1a/sinal1.png, id=1, 1926.19624pt x 1029.8475pt>
File: figures/aula1a/sinal1.png Graphic file (type png)
<use figures/aula1a/sinal1.png>
Package pdftex.def Info: figures/aula1a/sinal1.png  used on input line 85.
(pdftex.def)             Requested size: 328.82707pt x 175.79462pt.
[1

{/var/lib/texmf/fonts/map/pdftex/updmap/pdftex.map}{/usr/share/texmf/fonts/enc/dvips/cm-super/cm-super-ts1.enc}]
Overfull \hbox (12.0pt too wide) in paragraph at lines 91--100
 [] 
 []

[2 <./figures/aula1a/sinal1.png>]
Overfull \hbox (12.0pt too wide) in paragraph at lines 105--111
 [] 
 []

<figures/aula1a/sinal2.png, id=19, 1926.19624pt x 1028.84375pt>
File: figures/aula1a/sinal2.png Graphic file (type png)
<use figures/aula1a/sinal2.png>
Package pdftex.def Info: figures/aula1a/sinal2.png  used on input line 120.
(pdftex.def)             Requested size: 328.82707pt x 175.62328pt.

Overfull \hbox (12.0pt too wide) in paragraph at lines 125--136
 [] 
 []

[3 <./figures/aula1a/sinal2.png>]
Overfull \hbox (12.0pt too wide) in paragraph at lines 141--146
 [] 
 []

<figures/aula1a/sinalbi.png, id=23, 558.085pt x 444.66125pt>
File: figures/aula1a/sinalbi.png Graphic file (type png)
<use figures/aula1a/sinalbi.png>
Package pdftex.def Info: figures/aula1a/sinalbi.png  used on input line 152.
(pdftex.def)             Requested size: 211.38832pt x 168.42345pt.
<figures/aula1a/sinalTri.png, id=24, 695.59875pt x 446.66875pt>
File: figures/aula1a/sinalTri.png Graphic file (type png)
<use figures/aula1a/sinalTri.png>
Package pdftex.def Info: figures/aula1a/sinalTri.png  used on input line 172.
(pdftex.def)             Requested size: 328.82707pt x 211.1475pt.

LaTeX Warning: `!h' float specifier changed to `!ht'.

[4 <./figures/aula1a/sinalbi.png>] [5 <./figures/aula1a/sinalTri.png>]
Overfull \hbox (12.0pt too wide) in paragraph at lines 209--215
 [] 
 []


Overfull \hbox (12.0pt too wide) in paragraph at lines 218--226
 [] 
 []

<figures/aula1a/degrauContinua.png, id=33, 558.085pt x 419.5675pt>
File: figures/aula1a/degrauContinua.png Graphic file (type png)
<use figures/aula1a/degrauContinua.png>
Package pdftex.def Info: figures/aula1a/degrauContinua.png  used on input line 230.
(pdftex.def)             Requested size: 234.8775pt x 176.58206pt.

Overfull \hbox (12.0pt too wide) in paragraph at lines 245--252
 [] 
 []

[6 <./figures/aula1a/degrauContinua.png>]
<figures/aula1a/degrauDiscreta.png, id=37, 562.1pt x 422.57875pt>
File: figures/aula1a/degrauDiscreta.png Graphic file (type png)
<use figures/aula1a/degrauDiscreta.png>
Package pdftex.def Info: figures/aula1a/degrauDiscreta.png  used on input line 257.
(pdftex.def)             Requested size: 234.8775pt x 176.5727pt.

Overfull \hbox (12.0pt too wide) in paragraph at lines 278--284
 [] 
 []

[7 <./figures/aula1a/degrauDiscreta.png>]
Overfull \hbox (12.0pt too wide) in paragraph at lines 288--295
 [] 
 []

<figures/aula1a/signumContinua.png, id=42, 560.0925pt x 418.56375pt>
File: figures/aula1a/signumContinua.png Graphic file (type png)
<use figures/aula1a/signumContinua.png>
Package pdftex.def Info: figures/aula1a/signumContinua.png  used on input line 298.
(pdftex.def)             Requested size: 234.8775pt x 175.52733pt.

Overfull \hbox (12.0pt too wide) in paragraph at lines 317--325
 [] 
 []

<figures/aula1a/signumDiscreta.png, id=43, 561.09625pt x 422.57875pt>
File: figures/aula1a/signumDiscreta.png Graphic file (type png)
<use figures/aula1a/signumDiscreta.png>
Package pdftex.def Info: figures/aula1a/signumDiscreta.png  used on input line 328.
(pdftex.def)             Requested size: 234.8775pt x 176.88864pt.

LaTeX Warning: `!h' float specifier changed to `!ht'.

[8 <./figures/aula1a/signumContinua.png>]
Overfull \hbox (12.0pt too wide) in paragraph at lines 349--355
 [] 
 []


Overfull \hbox (12.0pt too wide) in paragraph at lines 358--366
 [] 
 []

<figures/aula1a/rampaContinua.png, id=47, 561.09625pt x 420.57124pt>
File: figures/aula1a/rampaContinua.png Graphic file (type png)
<use figures/aula1a/rampaContinua.png>
Package pdftex.def Info: figures/aula1a/rampaContinua.png  used on input line 369.
(pdftex.def)             Requested size: 234.8775pt x 176.04831pt.

LaTeX Warning: `!h' float specifier changed to `!ht'.

[9 <./figures/aula1a/signumDiscreta.png>]
Overfull \hbox (12.0pt too wide) in paragraph at lines 388--396
 [] 
 []

<figures/aula1a/rampaDiscreta.png, id=51, 560.0925pt x 420.57124pt>
File: figures/aula1a/rampaDiscreta.png Graphic file (type png)
<use figures/aula1a/rampaDiscreta.png>
Package pdftex.def Info: figures/aula1a/rampaDiscreta.png  used on input line 399.
(pdftex.def)             Requested size: 234.8775pt x 176.36919pt.

LaTeX Warning: `!h' float specifier changed to `!ht'.

[10 <./figures/aula1a/rampaContinua.png>]
Overfull \hbox (12.0pt too wide) in paragraph at lines 422--428
 [] 
 []


Overfull \hbox (12.0pt too wide) in paragraph at lines 430--444
 [] 
 []

[11 <./figures/aula1a/rampaDiscreta.png>]
<figures/aula1a/pulsoLarguraTContinuo.png, id=59, 559.08875pt x 439.6425pt>
File: figures/aula1a/pulsoLarguraTContinuo.png Graphic file (type png)
<use figures/aula1a/pulsoLarguraTContinuo.png>
Package pdftex.def Info: figures/aula1a/pulsoLarguraTContinuo.png  used on input line 447.
(pdftex.def)             Requested size: 375.80544pt x 295.52495pt.
 [12 <./figures/aula1a/pulsoLarguraTContinuo.png>]
Overfull \hbox (12.0pt too wide) in paragraph at lines 468--482
 [] 
 []

<figures/aula1a/pulsoLarguraTDiscreto.png, id=63, 561.09625pt x 437.635pt>
File: figures/aula1a/pulsoLarguraTDiscreto.png Graphic file (type png)
<use figures/aula1a/pulsoLarguraTDiscreto.png>
Package pdftex.def Info: figures/aula1a/pulsoLarguraTDiscreto.png  used on input line 485.
(pdftex.def)             Requested size: 281.85587pt x 219.83197pt.
[13 <./figures/aula1a/pulsoLarguraTDiscreto.png>]
Overfull \hbox (12.0pt too wide) in paragraph at lines 505--511
 [] 
 []


Overfull \hbox (12.0pt too wide) in paragraph at lines 513--532
 [] 
 []

<figures/aula1a/pulsoLarguraTAreaContinua.png, id=68, 508.90125pt x 352.31625pt>
File: figures/aula1a/pulsoLarguraTAreaContinua.png Graphic file (type png)
<use figures/aula1a/pulsoLarguraTAreaContinua.png>
Package pdftex.def Info: figures/aula1a/pulsoLarguraTAreaContinua.png  used on input line 535.
(pdftex.def)             Requested size: 234.8775pt x 162.6104pt.

LaTeX Warning: `!h' float specifier changed to `!ht'.

[14]
Overfull \hbox (12.0pt too wide) in paragraph at lines 568--574
 [] 
 []


Overfull \hbox (12.0pt too wide) in paragraph at lines 576--591
 [] 
 []

[15 <./figures/aula1a/pulsoLarguraTAreaContinua.png>]
<figures/aula1a/impulsoContinua.png, id=76, 558.085pt x 422.57875pt>
File: figures/aula1a/impulsoContinua.png Graphic file (type png)
<use figures/aula1a/impulsoContinua.png>
Package pdftex.def Info: figures/aula1a/impulsoContinua.png  used on input line 596.
(pdftex.def)             Requested size: 211.38832pt x 160.0593pt.
<figures/aula1a/pulsoDiscreto.png, id=77, 556.0775pt x 411.5375pt>
File: figures/aula1a/pulsoDiscreto.png Graphic file (type png)
<use figures/aula1a/pulsoDiscreto.png>
Package pdftex.def Info: figures/aula1a/pulsoDiscreto.png  used on input line 601.
(pdftex.def)             Requested size: 211.38832pt x 156.44238pt.

Overfull \hbox (12.0pt too wide) in paragraph at lines 624--630
 [] 
 []

[16 <./figures/aula1a/impulsoContinua.png> <./figures/aula1a/pulsoDiscreto.png>]
Overfull \hbox (12.0pt too wide) in paragraph at lines 632--642
 [] 
 []

<figures/aula1a/pulsoTriangularLarguraT.png, id=81, 559.08875pt x 418.56375pt>
File: figures/aula1a/pulsoTriangularLarguraT.png Graphic file (type png)
<use figures/aula1a/pulsoTriangularLarguraT.png>
Package pdftex.def Info: figures/aula1a/pulsoTriangularLarguraT.png  used on input line 646.
(pdftex.def)             Requested size: 281.85587pt x 211.01855pt.
[17 <./figures/aula1a/pulsoTriangularLarguraT.png>]
Overfull \hbox (12.0pt too wide) in paragraph at lines 661--667
 [] 
 []


Overfull \hbox (12.0pt too wide) in paragraph at lines 669--678
 [] 
 []

<figures/aula1a/pulsoGaussiano.png, id=85, 744.7825pt x 440.64626pt>
File: figures/aula1a/pulsoGaussiano.png Graphic file (type png)
<use figures/aula1a/pulsoGaussiano.png>
Package pdftex.def Info: figures/aula1a/pulsoGaussiano.png  used on input line 681.
(pdftex.def)             Requested size: 281.85587pt x 166.76149pt.
[18 <./figures/aula1a/pulsoGaussiano.png>]
Overfull \hbox (12.0pt too wide) in paragraph at lines 699--705
 [] 
 []


Overfull \hbox (12.0pt too wide) in paragraph at lines 707--714
 [] 
 []

<figures/aula1a/Sinc.png, id=92, 558.085pt x 409.53pt>
File: figures/aula1a/Sinc.png Graphic file (type png)
<use figures/aula1a/Sinc.png>
Package pdftex.def Info: figures/aula1a/Sinc.png  used on input line 717.
(pdftex.def)             Requested size: 281.85587pt x 206.83289pt.
[19 <./figures/aula1a/Sinc.png>]
<figures/aula2a/expRealCrescente.png, id=97, 470.75874pt x 277.035pt>
File: figures/aula2a/expRealCrescente.png Graphic file (type png)
<use figures/aula2a/expRealCrescente.png>
Package pdftex.def Info: figures/aula2a/expRealCrescente.png  used on input line 742.
(pdftex.def)             Requested size: 211.38832pt x 124.39827pt.
<figures/aula2a/expRealDecrescente.png, id=98, 426.59375pt x 259.97125pt>
File: figures/aula2a/expRealDecrescente.png Graphic file (type png)
<use figures/aula2a/expRealDecrescente.png>
Package pdftex.def Info: figures/aula2a/expRealDecrescente.png  used on input line 747.
(pdftex.def)             Requested size: 211.38832pt x 128.82301pt.
<figures/aula2a/sinalPeriodico.png, id=99, 447.6725pt x 154.5775pt>
File: figures/aula2a/sinalPeriodico.png Graphic file (type png)
<use figures/aula2a/sinalPeriodico.png>
Package pdftex.def Info: figures/aula2a/sinalPeriodico.png  used on input line 761.
(pdftex.def)             Requested size: 164.41711pt x 56.77292pt.
 [20 <./figures/aula2a/expRealCrescente.png> <./figures/aula2a/expRealDecrescente.png> <./figures/aula2a/sinalPeriodico.png>]
./templateBase.tex:784: Undefined control sequence.
<argument> ... em \(\theta =2\pi k, k \in \mathbb 
                                                  {Z}\)\@finalstrut \strutbox 
l.784 ...e em \(\theta=2\pi k, k \in \mathbb{Z}\)}
                                                  , ou seja:
The control sequence at the end of the top line
of your error message was never \def'ed. If you have
misspelled it (e.g., `\hobx'), type `I' and the correct
spelling (e.g., `I\hbox'). Otherwise just continue,
and I'll forget about whatever was undefined.

./templateBase.tex:787: Undefined control sequence.
<argument>  \theta =2\pi k, k \in \mathbb 
                                          {Z} 
l.787 \end{align*}
                  
The control sequence at the end of the top line
of your error message was never \def'ed. If you have
misspelled it (e.g., `\hobx'), type `I' and the correct
spelling (e.g., `I\hbox'). Otherwise just continue,
and I'll forget about whatever was undefined.

./templateBase.tex:787: Undefined control sequence.
<argument>  \theta =2\pi k, k \in \mathbb 
                                          {Z} 
l.787 \end{align*}
                  
The control sequence at the end of the top line
of your error message was never \def'ed. If you have
misspelled it (e.g., `\hobx'), type `I' and the correct
spelling (e.g., `I\hbox'). Otherwise just continue,
and I'll forget about whatever was undefined.

./templateBase.tex:792: Undefined control sequence.
<argument>  \omega _0T&=2\pi k, k \in \mathbb 
                                              {Z}\\ T&=\frac {2\pi k}{\omega...
l.792 \end{align*}
                  
The control sequence at the end of the top line
of your error message was never \def'ed. If you have
misspelled it (e.g., `\hobx'), type `I' and the correct
spelling (e.g., `I\hbox'). Otherwise just continue,
and I'll forget about whatever was undefined.

./templateBase.tex:792: Undefined control sequence.
<argument>  \omega _0T&=2\pi k, k \in \mathbb 
                                              {Z}\\ T&=\frac {2\pi k}{\omega...
l.792 \end{align*}
                  
The control sequence at the end of the top line
of your error message was never \def'ed. If you have
misspelled it (e.g., `\hobx'), type `I' and the correct
spelling (e.g., `I\hbox'). Otherwise just continue,
and I'll forget about whatever was undefined.

[21]
<figures/aula2a/expComplexoCrescente.png, id=111, 532.99126pt x 274.02374pt>
File: figures/aula2a/expComplexoCrescente.png Graphic file (type png)
<use figures/aula2a/expComplexoCrescente.png>
Package pdftex.def Info: figures/aula2a/expComplexoCrescente.png  used on input line 826.
(pdftex.def)             Requested size: 211.38832pt x 108.6793pt.
<figures/aula2a/expComplexoDecrescente.png, id=112, 488.82625pt x 253.94875pt>
File: figures/aula2a/expComplexoDecrescente.png Graphic file (type png)
<use figures/aula2a/expComplexoDecrescente.png>
Package pdftex.def Info: figures/aula2a/expComplexoDecrescente.png  used on input line 832.
(pdftex.def)             Requested size: 211.38832pt x 109.81969pt.
 [22 <./figures/aula2a/expComplexoCrescente.png> <./figures/aula2a/expComplexoDecrescente.png>] (./templateBase.aux)
 ***********
LaTeX2e <2023-11-01> patch level 1
L3 programming layer <2024-01-22>
 ***********


LaTeX Warning: There were multiply-defined labels.

 ) 
Here is how much of TeX's memory you used:
 5137 strings out of 474222
 82683 string characters out of 5748733
 1947975 words of memory out of 5000000
 27362 multiletter control sequences out of 15000+600000
 564239 words of font info for 58 fonts, out of 8000000 for 9000
 1141 hyphenation exceptions out of 8191
 57i,12n,65p,430b,1407s stack positions out of 10000i,1000n,20000p,200000b,200000s
</usr/share/texlive/texmf-dist/fonts/type1/public/amsfonts/cm/cmbx10.pfb></usr/share/texlive/texmf-dist/fonts/type1/public/amsfonts/cm/cmbx12.pfb></usr/share/texlive/texmf-dist/fonts/type1/public/amsfonts/cm/cmex10.pfb></usr/share/texlive/texmf-dist/fonts/type1/public/amsfonts/cm/cmmi10.pfb></usr/share/texlive/texmf-dist/fonts/type1/public/amsfonts/cm/cmmi5.pfb></usr/share/texlive/texmf-dist/fonts/type1/public/amsfonts/cm/cmmi6.pfb></usr/share/texlive/texmf-dist/fonts/type1/public/amsfonts/cm/cmmi7.pfb></usr/share/texlive/texmf-dist/fonts/type1/public/amsfonts/cm/cmmi8.pfb></usr/share/texlive/texmf-dist/fonts/type1/public/amsfonts/cm/cmr10.pfb></usr/share/texlive/texmf-dist/fonts/type1/public/amsfonts/cm/cmr12.pfb></usr/share/texlive/texmf-dist/fonts/type1/public/amsfonts/cm/cmr17.pfb></usr/share/texlive/texmf-dist/fonts/type1/public/amsfonts/cm/cmr5.pfb></usr/share/texlive/texmf-dist/fonts/type1/public/amsfonts/cm/cmr6.pfb></usr/share/texlive/texmf-dist/fonts/type1/public/amsfonts/cm/cmr7.pfb></usr/share/texlive/texmf-dist/fonts/type1/public/amsfonts/cm/cmr8.pfb></usr/share/texlive/texmf-dist/fonts/type1/public/amsfonts/cm/cmsy10.pfb></usr/share/texlive/texmf-dist/fonts/type1/public/amsfonts/cm/cmsy5.pfb></usr/share/texlive/texmf-dist/fonts/type1/public/amsfonts/cm/cmsy7.pfb></usr/share/texlive/texmf-dist/fonts/type1/public/amsfonts/cm/cmsy8.pfb></usr/share/texlive/texmf-dist/fonts/type1/public/amsfonts/cm/cmti10.pfb></usr/share/texmf/fonts/type1/public/cm-super/sfrm1000.pfb>
Output written on templateBase.pdf (22 pages, 844780 bytes).
PDF statistics:
 205 PDF objects out of 1000 (max. 8388607)
 114 compressed objects within 2 object streams
 0 named destinations out of 1000 (max. 500000)
 116 words of extra memory for PDF output out of 10000 (max. 10000000)

